# JRE version: Java(TM) SE Runtime Environment (21.0+35) (build 21+35-LTS-2513)
# Java VM: Java HotSpot(TM) 64-Bit Server VM (21+35-LTS-2513, mixed mode, emulated-client, sharing, tiered, compressed oops, compressed class ptrs, g1 gc, windows-amd64)
GC Precious Log:
 CardTable entry size: 512
 Card Set container configuration: InlinePtr #cards 5 size 8 Array Of Cards #cards 12 size 40 Howl #buckets 4 coarsen threshold 1843 Howl Bitmap #cards 512 size 80 coarsen threshold 460 Card regions per heap region 1 cards per card region 2048
 CPUs: 8 total, 8 available
 Memory: 7833M
 Large Page Support: Disabled
 NUMA Support: Disabled
 Compressed Oops: Enabled (32-bit)
 Heap Region Size: 1M
 Heap Min Capacity: 8M
 Heap Initial Capacity: 124M
 Heap Max Capacity: 1960M
 Pre-touch: Disabled
 Parallel Workers: 8
 Concurrent Workers: 2
 Concurrent Refinement Workers: 8
 Periodic GC: Disabled
Heap:
 garbage-first heap   total 94208K, used 81616K [0x0000000085800000, 0x0000000100000000)
  region size 1024K, 38 young (38912K), 4 survivors (4096K)
 Metaspace       used 83144K, committed 84160K, reserved 1179648K
  class space    used 11895K, committed 12352K, reserved 1048576K
GC Heap History (20 events):
Event: 4.686 GC heap after
{Heap after GC invocations=9 (full 0):
 garbage-first heap   total 77824K, used 29079K [0x0000000085800000, 0x0000000100000000)
  region size 1024K, 2 young (2048K), 2 survivors (2048K)
 Metaspace       used 34126K, committed 34688K, reserved 1114112K
  class space    used 4701K, committed 4992K, reserved 1048576K
}
Event: 5.458 GC heap before
{Heap before GC invocations=10 (full 0):
 garbage-first heap   total 77824K, used 62871K [0x0000000085800000, 0x0000000100000000)
  region size 1024K, 36 young (36864K), 2 survivors (2048K)
 Metaspace       used 43469K, committed 44032K, reserved 1114112K
  class space    used 5998K, committed 6272K, reserved 1048576K
}
Event: 5.462 GC heap after
{Heap after GC invocations=11 (full 0):
 garbage-first heap   total 77824K, used 30611K [0x0000000085800000, 0x0000000100000000)
  region size 1024K, 5 young (5120K), 5 survivors (5120K)
 Metaspace       used 43469K, committed 44032K, reserved 1114112K
  class space    used 5998K, committed 6272K, reserved 1048576K
}
Event: 6.182 GC heap before
{Heap before GC invocations=11 (full 0):
 garbage-first heap   total 77824K, used 64403K [0x0000000085800000, 0x0000000100000000)
  region size 1024K, 38 young (38912K), 5 survivors (5120K)
 Metaspace       used 53394K, committed 54080K, reserved 1114112K
  class space    used 7464K, committed 7808K, reserved 1048576K
}
Event: 6.187 GC heap after
{Heap after GC invocations=12 (full 0):
 garbage-first heap   total 77824K, used 32704K [0x0000000085800000, 0x0000000100000000)
  region size 1024K, 5 young (5120K), 5 survivors (5120K)
 Metaspace       used 53394K, committed 54080K, reserved 1114112K
  class space    used 7464K, committed 7808K, reserved 1048576K
}
Event: 6.644 GC heap before
{Heap before GC invocations=12 (full 0):
 garbage-first heap   total 77824K, used 52160K [0x0000000085800000, 0x0000000100000000)
  region size 1024K, 25 young (25600K), 5 survivors (5120K)
 Metaspace       used 57531K, committed 58176K, reserved 1114112K
  class space    used 8142K, committed 8448K, reserved 1048576K
}
Event: 6.649 GC heap after
{Heap after GC invocations=13 (full 0):
 garbage-first heap   total 77824K, used 33291K [0x0000000085800000, 0x0000000100000000)
  region size 1024K, 4 young (4096K), 4 survivors (4096K)
 Metaspace       used 57531K, committed 58176K, reserved 1114112K
  class space    used 8142K, committed 8448K, reserved 1048576K
}
Event: 8.036 GC heap before
{Heap before GC invocations=14 (full 0):
 garbage-first heap   total 77824K, used 67083K [0x0000000085800000, 0x0000000100000000)
  region size 1024K, 37 young (37888K), 4 survivors (4096K)
 Metaspace       used 62102K, committed 62848K, reserved 1114112K
  class space    used 8848K, committed 9216K, reserved 1048576K
}
Event: 8.042 GC heap after
{Heap after GC invocations=15 (full 0):
 garbage-first heap   total 77824K, used 36019K [0x0000000085800000, 0x0000000100000000)
  region size 1024K, 4 young (4096K), 4 survivors (4096K)
 Metaspace       used 62102K, committed 62848K, reserved 1114112K
  class space    used 8848K, committed 9216K, reserved 1048576K
}
Event: 8.413 GC heap before
{Heap before GC invocations=15 (full 0):
 garbage-first heap   total 77824K, used 66739K [0x0000000085800000, 0x0000000100000000)
  region size 1024K, 35 young (35840K), 4 survivors (4096K)
 Metaspace       used 64310K, committed 65088K, reserved 1114112K
  class space    used 9134K, committed 9472K, reserved 1048576K
}
Event: 8.419 GC heap after
{Heap after GC invocations=16 (full 0):
 garbage-first heap   total 77824K, used 38307K [0x0000000085800000, 0x0000000100000000)
  region size 1024K, 3 young (3072K), 3 survivors (3072K)
 Metaspace       used 64310K, committed 65088K, reserved 1114112K
  class space    used 9134K, committed 9472K, reserved 1048576K
}
Event: 8.847 GC heap before
{Heap before GC invocations=16 (full 0):
 garbage-first heap   total 77824K, used 69027K [0x0000000085800000, 0x0000000100000000)
  region size 1024K, 33 young (33792K), 3 survivors (3072K)
 Metaspace       used 67839K, committed 68672K, reserved 1114112K
  class space    used 9617K, committed 9984K, reserved 1048576K
}
Event: 8.853 GC heap after
{Heap after GC invocations=17 (full 0):
 garbage-first heap   total 77824K, used 40338K [0x0000000085800000, 0x0000000100000000)
  region size 1024K, 5 young (5120K), 5 survivors (5120K)
 Metaspace       used 67839K, committed 68672K, reserved 1114112K
  class space    used 9617K, committed 9984K, reserved 1048576K
}
Event: 9.233 GC heap before
{Heap before GC invocations=18 (full 0):
 garbage-first heap   total 77824K, used 66962K [0x0000000085800000, 0x0000000100000000)
  region size 1024K, 31 young (31744K), 5 survivors (5120K)
 Metaspace       used 69837K, committed 70592K, reserved 1114112K
  class space    used 9958K, committed 10304K, reserved 1048576K
}
Event: 9.240 GC heap after
{Heap after GC invocations=19 (full 0):
 garbage-first heap   total 77824K, used 42865K [0x0000000085800000, 0x0000000100000000)
  region size 1024K, 3 young (3072K), 3 survivors (3072K)
 Metaspace       used 69837K, committed 70592K, reserved 1114112K
  class space    used 9958K, committed 10304K, reserved 1048576K
}
Event: 9.821 GC heap before
{Heap before GC invocations=19 (full 0):
 garbage-first heap   total 77824K, used 68465K [0x0000000085800000, 0x0000000100000000)
  region size 1024K, 28 young (28672K), 3 survivors (3072K)
 Metaspace       used 74676K, committed 75520K, reserved 1114112K
  class space    used 10688K, committed 11072K, reserved 1048576K
}
Event: 9.828 GC heap after
{Heap after GC invocations=20 (full 0):
 garbage-first heap   total 94208K, used 44866K [0x0000000085800000, 0x0000000100000000)
  region size 1024K, 3 young (3072K), 3 survivors (3072K)
 Metaspace       used 74676K, committed 75520K, reserved 1114112K
  class space    used 10688K, committed 11072K, reserved 1048576K
}
Event: 13.323 GC heap before
{Heap before GC invocations=20 (full 0):
 garbage-first heap   total 94208K, used 81730K [0x0000000085800000, 0x0000000100000000)
  region size 1024K, 40 young (40960K), 3 survivors (3072K)
 Metaspace       used 81799K, committed 82752K, reserved 1179648K
  class space    used 11703K, committed 12160K, reserved 1048576K
}
Event: 13.328 GC heap after
{Heap after GC invocations=21 (full 0):
 garbage-first heap   total 94208K, used 46800K [0x0000000085800000, 0x0000000100000000)
  region size 1024K, 5 young (5120K), 5 survivors (5120K)
 Metaspace       used 81799K, committed 82752K, reserved 1179648K
  class space    used 11703K, committed 12160K, reserved 1048576K
}
Event: 785.358 GC heap before
{Heap before GC invocations=21 (full 0):
 garbage-first heap   total 94208K, used 80592K [0x0000000085800000, 0x0000000100000000)
  region size 1024K, 39 young (39936K), 5 survivors (5120K)
 Metaspace       used 83144K, committed 84160K, reserved 1179648K
  class space    used 11895K, committed 12352K, reserved 1048576K
}

